Using pre-set license
Built from '2023.2/staging' branch; Version is '2023.2.8f1 (a3bb09f8c8c4) revision 10730249'; Using compiler version '193431935'; Build Type 'Release'
OS: 'Windows 10  (10.0.19045) 64bit Core' Language: 'en' Physical Memory: 8088 MB
BatchMode: 1, IsHumanControllingUs: 0, StartBugReporterOnCrash: 0, Is64bit: 1, IsPro: 1

COMMAND LINE ARGUMENTS:
D:\Program Files\Unity\Unity Hub\2023.2.8f1\Editor\Unity.exe
-adb2
-batchMode
-noUpm
-name
AssetImportWorker0
-projectPath
D:/UnityProject/NinjaFrog-main/Project Code
-logFile
Logs/AssetImportWorker0.log
-srvPort
61902
-job-worker-count
1
-background-job-worker-count
8
-asset-garbage-collectors
1
Successfully changed project path to: D:/UnityProject/NinjaFrog-main/Project Code
D:/UnityProject/NinjaFrog-main/Project Code
[UnityMemory] Configuration Parameters - Can be set up in boot.config
    "memorysetup-bucket-allocator-granularity=16"
    "memorysetup-bucket-allocator-bucket-count=8"
    "memorysetup-bucket-allocator-block-size=33554432"
    "memorysetup-bucket-allocator-block-count=8"
    "memorysetup-main-allocator-block-size=16777216"
    "memorysetup-thread-allocator-block-size=16777216"
    "memorysetup-gfx-main-allocator-block-size=16777216"
    "memorysetup-gfx-thread-allocator-block-size=16777216"
    "memorysetup-cache-allocator-block-size=4194304"
    "memorysetup-typetree-allocator-block-size=2097152"
    "memorysetup-profiler-bucket-allocator-granularity=16"
    "memorysetup-profiler-bucket-allocator-bucket-count=8"
    "memorysetup-profiler-bucket-allocator-block-size=33554432"
    "memorysetup-profiler-bucket-allocator-block-count=8"
    "memorysetup-profiler-allocator-block-size=16777216"
    "memorysetup-profiler-editor-allocator-block-size=1048576"
    "memorysetup-temp-allocator-size-main=16777216"
    "memorysetup-job-temp-allocator-block-size=2097152"
    "memorysetup-job-temp-allocator-block-size-background=1048576"
    "memorysetup-job-temp-allocator-reduction-small-platforms=262144"
    "memorysetup-allocator-temp-initial-block-size-main=262144"
    "memorysetup-allocator-temp-initial-block-size-worker=262144"
    "memorysetup-temp-allocator-size-background-worker=32768"
    "memorysetup-temp-allocator-size-job-worker=262144"
    "memorysetup-temp-allocator-size-preload-manager=33554432"
    "memorysetup-temp-allocator-size-nav-mesh-worker=65536"
    "memorysetup-temp-allocator-size-audio-worker=65536"
    "memorysetup-temp-allocator-size-cloud-worker=32768"
    "memorysetup-temp-allocator-size-gi-baking-worker=262144"
    "memorysetup-temp-allocator-size-gi-baking-worker=262144"
    "memorysetup-temp-allocator-size-gi-baking-worker=262144"
    "memorysetup-temp-allocator-size-gi-baking-worker=262144"
    "memorysetup-temp-allocator-size-gfx=262144"
Player connection [1340] Host "[IP] 192.168.1.6 [Port] 0 [Flags] 2 [Guid] 4057506462 [EditorId] 4057506462 [Version] 1048832 [Id] WindowsEditor(7,LAPTOP-P7KU7A4I) [Debug] 1 [PackageName] WindowsEditor [ProjectName] Editor" joined multi-casting on [225.0.0.222:54997]...
Player connection [1340] Host "[IP] 192.168.1.6 [Port] 0 [Flags] 2 [Guid] 4057506462 [EditorId] 4057506462 [Version] 1048832 [Id] WindowsEditor(7,LAPTOP-P7KU7A4I) [Debug] 1 [PackageName] WindowsEditor [ProjectName] Editor" joined alternative multi-casting on [225.0.0.222:34997]...
JobSystem: Creating JobQueue using job-worker-count value 1
[Physics::Module] Initialized MultithreadedJobDispatcher with 1 workers.
Library Redirect Path: Library/
Refreshing native plugins compatible for Editor in 0.01 ms, found 0 plugins.
Preloading 0 native plugins for Editor in 0.00 ms.
Initialize engine version: 2023.2.8f1 (a3bb09f8c8c4)
[Subsystems] Discovering subsystems at path D:/Program Files/Unity/Unity Hub/2023.2.8f1/Editor/Data/Resources/UnitySubsystems
[Subsystems] Discovering subsystems at path D:/UnityProject/NinjaFrog-main/Project Code/Assets
GfxDevice: creating device client; kGfxThreadingModeNonThreaded
Direct3D:
    Version:  Direct3D 11.0 [level 11.1]
    Renderer: Intel(R) HD Graphics 515 (ID=0x191e)
    Vendor:   Intel
    VRAM:     4044 MB
    Driver:   26.20.100.7325
Initialize mono
Mono path[0] = 'D:/Program Files/Unity/Unity Hub/2023.2.8f1/Editor/Data/Managed'
Mono path[1] = 'D:/Program Files/Unity/Unity Hub/2023.2.8f1/Editor/Data/MonoBleedingEdge/lib/mono/unityjit-win32'
Mono config path = 'D:/Program Files/Unity/Unity Hub/2023.2.8f1/Editor/Data/MonoBleedingEdge/etc'
Using monoOptions --debugger-agent=transport=dt_socket,embedding=1,server=y,suspend=n,address=127.0.0.1:56980
Begin MonoManager ReloadAssembly
C:\build\output\Unity-Technologies\mono\mono\metadata\icall.c:1842:
C:\build\output\Unity-Technologies\mono\mono\metadata\icall.c:1842:
C:\build\output\Unity-Technologies\mono\mono\metadata\icall.c:1842:
C:\build\output\Unity-Technologies\mono\mono\metadata\icall.c:1842:
C:\build\output\Unity-Technologies\mono\mono\metadata\icall.c:1842:
C:\build\output\Unity-Technologies\mono\mono\metadata\icall.c:1842:
C:\build\output\Unity-Technologies\mono\mono\metadata\icall.c:1842:
C:\build\output\Unity-Technologies\mono\mono\metadata\icall.c:1842:
C:\build\output\Unity-Technologies\mono\mono\metadata\icall.c:1842:
C:\build\output\Unity-Technologies\mono\mono\metadata\icall.c:1842:
Registering precompiled unity dll's ...
Register platform support module: D:/Program Files/Unity/Unity Hub/2023.2.8f1/Editor/Data/PlaybackEngines/WindowsStandaloneSupport/UnityEditor.WindowsStandalone.Extensions.dll
Registered in 0.011523 seconds.
- Loaded All Assemblies, in 10.980 seconds
Native extension for WindowsStandalone target not found
Mono: successfully reloaded assembly
C:\build\output\Unity-Technologies\mono\mono\metadata\icall.c:1842:
C:\build\output\Unity-Technologies\mono\mono\metadata\icall.c:1842:
- Finished resetting the current domain, in  2.680 seconds
Domain Reload Profiling: 13640ms
	BeginReloadAssembly (4194ms)
		ExecutionOrderSort (0ms)
		DisableScriptedObjects (0ms)
		BackupInstance (0ms)
		ReleaseScriptingObjects (0ms)
		CreateAndSetChildDomain (6ms)
	RebuildCommonClasses (1399ms)
	RebuildNativeTypeToScriptingClass (76ms)
	initialDomainReloadingComplete (3142ms)
	LoadAllAssembliesAndSetupDomain (2147ms)
		LoadAssemblies (4271ms)
		RebuildTransferFunctionScriptingTraits (0ms)
		AnalyzeDomain (2039ms)
			TypeCache.Refresh (2035ms)
				TypeCache.ScanAssembly (1937ms)
			BuildScriptInfoCaches (1ms)
			ResolveRequiredComponents (1ms)
	FinalizeReload (2682ms)
		ReleaseScriptCaches (0ms)
		RebuildScriptCaches (0ms)
		SetupLoadedEditorAssemblies (2342ms)
			LogAssemblyErrors (0ms)
			InitializePlatformSupportModulesInManaged (42ms)
			SetLoadedEditorAssemblies (43ms)
			BeforeProcessingInitializeOnLoad (53ms)
			ProcessInitializeOnLoadAttributes (1332ms)
			ProcessInitializeOnLoadMethodAttributes (872ms)
			AfterProcessingInitializeOnLoad (0ms)
			EditorAssembliesLoaded (0ms)
		ExecutionOrderSort2 (0ms)
		AwakeInstancesAfterBackupRestoration (0ms)
========================================================================
Worker process is ready to serve import requests
Import Worker Mode flag is 0x00
Begin MonoManager ReloadAssembly
C:\build\output\Unity-Technologies\mono\mono\metadata\icall.c:1842:
C:\build\output\Unity-Technologies\mono\mono\metadata\icall.c:1842:
C:\build\output\Unity-Technologies\mono\mono\metadata\icall.c:1842:
C:\build\output\Unity-Technologies\mono\mono\metadata\icall.c:1842:
C:\build\output\Unity-Technologies\mono\mono\metadata\icall.c:1842:
C:\build\output\Unity-Technologies\mono\mono\metadata\icall.c:1842:
C:\build\output\Unity-Technologies\mono\mono\metadata\icall.c:1842:
C:\build\output\Unity-Technologies\mono\mono\metadata\icall.c:1842:
C:\build\output\Unity-Technologies\mono\mono\metadata\icall.c:1842:
C:\build\output\Unity-Technologies\mono\mono\metadata\icall.c:1842:
C:\build\output\Unity-Technologies\mono\mono\metadata\icall.c:1842:
C:\build\output\Unity-Technologies\mono\mono\metadata\icall.c:1842:
- Loaded All Assemblies, in 25.862 seconds
Refreshing native plugins compatible for Editor in 0.00 ms, found 0 plugins.
Native extension for WindowsStandalone target not found
Mono: successfully reloaded assembly
- Finished resetting the current domain, in  5.476 seconds
Domain Reload Profiling: 31336ms
	BeginReloadAssembly (23700ms)
		ExecutionOrderSort (0ms)
		DisableScriptedObjects (19ms)
		BackupInstance (0ms)
		ReleaseScriptingObjects (0ms)
		CreateAndSetChildDomain (343ms)
	RebuildCommonClasses (563ms)
	RebuildNativeTypeToScriptingClass (113ms)
	initialDomainReloadingComplete (338ms)
	LoadAllAssembliesAndSetupDomain (1145ms)
		LoadAssemblies (17584ms)
		RebuildTransferFunctionScriptingTraits (0ms)
		AnalyzeDomain (262ms)
			TypeCache.Refresh (221ms)
				TypeCache.ScanAssembly (138ms)
			BuildScriptInfoCaches (23ms)
			ResolveRequiredComponents (12ms)
	FinalizeReload (5477ms)
		ReleaseScriptCaches (0ms)
		RebuildScriptCaches (0ms)
		SetupLoadedEditorAssemblies (4065ms)
			LogAssemblyErrors (0ms)
			InitializePlatformSupportModulesInManaged (7ms)
			SetLoadedEditorAssemblies (6ms)
			BeforeProcessingInitializeOnLoad (65ms)
			ProcessInitializeOnLoadAttributes (3647ms)
			ProcessInitializeOnLoadMethodAttributes (325ms)
			AfterProcessingInitializeOnLoad (14ms)
			EditorAssembliesLoaded (1ms)
		ExecutionOrderSort2 (0ms)
		AwakeInstancesAfterBackupRestoration (36ms)
Launched and connected shader compiler UnityShaderCompiler.exe after 0.09 seconds
Refreshing native plugins compatible for Editor in 0.00 ms, found 0 plugins.
Preloading 0 native plugins for Editor in 0.00 ms.
Unloading 8 Unused Serialized files (Serialized files now loaded: 0)
Unloading 746 unused Assets / (273.8 KB). Loaded Objects now: 1324.
Memory consumption went from 96.9 MB to 96.7 MB.
Total: 10.112300 ms (FindLiveObjects: 0.402700 ms CreateObjectMapping: 0.271300 ms MarkObjects: 8.733800 ms  DeleteObjects: 0.702500 ms)

========================================================================
Received Import Request.
  Time since last request: 50063.179744 seconds.
  path: Assets/@Project/Scripts/UIManage.cs
  artifactKey: Guid(bbd76cdd478623740a2e976d2bc1540e) Importer(815301076,1909f56bfc062723c751e8b465ee728b)
Start importing Assets/@Project/Scripts/UIManage.cs using Guid(bbd76cdd478623740a2e976d2bc1540e) Importer(815301076,1909f56bfc062723c751e8b465ee728b) (PreviewImporter) -> (artifact id: '240420c3dac53221ef0de0ee1efb9ee5') in 0.021978 seconds
Number of updated asset objects reloaded before import = 0Number of asset objects unloaded after import = 0

========================================================================
Received Import Request.
  Time since last request: 1516.925947 seconds.
  path: Assets/@Project/Animations/Player/Player.controller
  artifactKey: Guid(08accfd4e2956294a8c88aed350f6e03) Importer(815301076,1909f56bfc062723c751e8b465ee728b)
Start importing Assets/@Project/Animations/Player/Player.controller using Guid(08accfd4e2956294a8c88aed350f6e03) Importer(815301076,1909f56bfc062723c751e8b465ee728b) (PreviewImporter) -> (artifact id: 'cfa7333ef29b83cecf52b3ba49fc06a4') in 0.3552642 seconds
Number of updated asset objects reloaded before import = 0Number of asset objects unloaded after import = 12

========================================================================
Received Import Request.
  Time since last request: 1623.975447 seconds.
  path: Assets/@Project/Animations/Fruits/Collected_0.controller
  artifactKey: Guid(1d45f4c9cd293414e9a5e74fda7e5e52) Importer(815301076,1909f56bfc062723c751e8b465ee728b)
Start importing Assets/@Project/Animations/Fruits/Collected_0.controller using Guid(1d45f4c9cd293414e9a5e74fda7e5e52) Importer(815301076,1909f56bfc062723c751e8b465ee728b) (PreviewImporter) -> (artifact id: 'a6645381a5701fb4b0487421bffc3760') in 0.1927493 seconds
Number of updated asset objects reloaded before import = 0Number of asset objects unloaded after import = 4

========================================================================
Received Import Request.
  Time since last request: 62.791075 seconds.
  path: Assets/@Project/Scripts/MovePlatform.cs
  artifactKey: Guid(8ee9c11251fba1245b3989d293400f9a) Importer(815301076,1909f56bfc062723c751e8b465ee728b)
Start importing Assets/@Project/Scripts/MovePlatform.cs using Guid(8ee9c11251fba1245b3989d293400f9a) Importer(815301076,1909f56bfc062723c751e8b465ee728b) (PreviewImporter) -> (artifact id: '0dd1f29ebb8db6d38d46f7c6cdf3313d') in 0.0110787 seconds
Number of updated asset objects reloaded before import = 0Number of asset objects unloaded after import = 0

========================================================================
Received Import Request.
  Time since last request: 3.988366 seconds.
  path: Assets/@Project/Scripts/Player.cs
  artifactKey: Guid(63d7cc8c457e2ff489f9bfa2cc050f41) Importer(815301076,1909f56bfc062723c751e8b465ee728b)
Start importing Assets/@Project/Scripts/Player.cs using Guid(63d7cc8c457e2ff489f9bfa2cc050f41) Importer(815301076,1909f56bfc062723c751e8b465ee728b) (PreviewImporter) -> (artifact id: 'd4edb59ae97ed925911dec2bd24f5c0c') in 0.009788 seconds
Number of updated asset objects reloaded before import = 0Number of asset objects unloaded after import = 0

========================================================================
Received Import Request.
  Time since last request: 11.984568 seconds.
  path: Assets/@Project/Scripts/PlayerHit.cs
  artifactKey: Guid(806caff14df8160469a9634c1f280ded) Importer(815301076,1909f56bfc062723c751e8b465ee728b)
Start importing Assets/@Project/Scripts/PlayerHit.cs using Guid(806caff14df8160469a9634c1f280ded) Importer(815301076,1909f56bfc062723c751e8b465ee728b) (PreviewImporter) -> (artifact id: '0c2e640f54af05f13f4da458cb2d5a3e') in 0.0072645 seconds
Number of updated asset objects reloaded before import = 0Number of asset objects unloaded after import = 0

